<?xml version="1.0" encoding="UTF-8"?>
<!-- Generated by org.testng.reporters.JUnitXMLReporter -->
<testsuite ignored="0" hostname="LAPTOP-19F2RTS8" failures="0" tests="4" name="Test" time="160.723" errors="0" timestamp="2024-02-06T18:03:51 IST">
  <testcase classname="com.test.inSingleClass.Single_Class_TestCase" name="Login_And_Logout" time="15.906"/>
  <testcase classname="com.test.inSingleClass.Single_Class_TestCase" name="Registering_The_User_Save" time="39.713"/>
  <testcase classname="com.test.inSingleClass.Single_Class_TestCase" name="Registering_The_User_Cancel" time="52.727"/>
  <testcase classname="com.test.inSingleClass.Single_Class_TestCase" name="Registering_The_User_Selecting_OtherCity" time="40.227"/>
</testsuite> <!-- Test -->
